<?xml version="1.0" encoding="UTF-8"?>
<!-- Generated by org.testng.reporters.JUnitXMLReporter -->
<testsuite ignored="0" hostname="VINAY-REDDY" failures="0" tests="3" name="Automation Framework" time="4.178" errors="0" timestamp="2022-11-03T00:27:43 IST">
  <testcase classname="PageTestPackage.HomePageTest" name="@BeforeMethod setup" time="4.052">
    <failure type="java.lang.NullPointerException" message="Cannot invoke &amp;quot;org.apache.log4j.Logger.info(Object)&amp;quot; because &amp;quot;BasePackage.BaseClass.loger&amp;quot; is null">
      <![CDATA[java.lang.NullPointerException: Cannot invoke "org.apache.log4j.Logger.info(Object)" because "BasePackage.BaseClass.loger" is null
at BasePackage.BaseClass.Intialization(BaseClass.java:43)
at PageTestPackage.HomePageTest.setup(HomePageTest.java:22)
at java.base/java.util.ArrayList.forEach(ArrayList.java:1511)
at com.intellij.rt.testng.IDEARemoteTestNG.run(IDEARemoteTestNG.java:66)
at com.intellij.rt.testng.RemoteTestNGStarter.main(RemoteTestNGStarter.java:109)
... Removed 28 stack frames]]>
    </failure>
  </testcase> <!-- @BeforeMethod setup -->
  <testcase classname="PageTestPackage.HomePageTest" name="@AfterMethod Teardown" time="0.0">
    <skipped/>
  </testcase> <!-- @AfterMethod Teardown -->
  <testcase classname="PageTestPackage.HomePageTest" name="@BeforeMethod setup" time="0.0">
    <skipped/>
  </testcase> <!-- @BeforeMethod setup -->
  <testcase classname="PageTestPackage.HomePageTest" name="@AfterMethod Teardown" time="0.0">
    <skipped/>
  </testcase> <!-- @AfterMethod Teardown -->
  <testcase classname="PageTestPackage.HomePageTest" name="@BeforeMethod setup" time="0.0">
    <skipped/>
  </testcase> <!-- @BeforeMethod setup -->
  <testcase classname="PageTestPackage.HomePageTest" name="@AfterMethod Teardown" time="0.0">
    <skipped/>
  </testcase> <!-- @AfterMethod Teardown -->
  <testcase classname="PageTestPackage.HomePageTest" name="TestFreestudent" time="0.001">
    <skipped/>
  </testcase> <!-- TestFreestudent -->
  <testcase classname="PageTestPackage.HomePageTest" name="Testlogo" time="0.001">
    <skipped/>
  </testcase> <!-- Testlogo -->
  <testcase classname="PageTestPackage.HomePageTest" name="verifylogin" time="0.001">
    <skipped/>
  </testcase> <!-- verifylogin -->
</testsuite> <!-- Automation Framework -->
